<?xml version="1.0" encoding="UTF-8"?>
<!-- Generated by org.testng.reporters.JUnitReportReporter -->
<testsuite hostname="MMDCNV9D2L141" failures="0" tests="1" name="testcases.test_001_StartGPSActivity" time="0.868" errors="0" timestamp="2023-07-24T12:36:35 IST" skipped="0">
  <testcase classname="testcases.test_001_StartGPSActivity" name="test_StartGPSActivity_001" time="0.868"/>
  <system-out/>
</testsuite> <!-- testcases.test_001_StartGPSActivity -->
