<?xml version="1.0" encoding="UTF-8"?>
<!-- Generated by org.testng.reporters.JUnitReportReporter -->
<testsuite hostname="MMDCNV9D2L141" failures="0" tests="1" name="testcases.test_003_EnrouteGPSActivity" time="37.621" errors="0" timestamp="2023-07-24T12:36:35 IST" skipped="0">
  <testcase classname="testcases.test_003_EnrouteGPSActivity" name="test_EnrouteGPSActivity_003" time="37.621"/>
  <system-out/>
</testsuite> <!-- testcases.test_003_EnrouteGPSActivity -->
